<!DOCTYPE html>

<html>
  <head>
  <meta charset='utf-8'>
  <title>TestNG reports</title>

    <link type="text/css" href="testng-reports.css" rel="stylesheet" />
    <script type="text/javascript" src="jquery-3.4.1.min.js"></script>
    <script type="text/javascript" src="testng-reports.js"></script>
    <script type="text/javascript" src="https://www.google.com/jsapi"></script>
    <script type='text/javascript'>
      google.load('visualization', '1', {packages:['table']});
      google.setOnLoadCallback(drawTable);
      var suiteTableInitFunctions = new Array();
      var suiteTableData = new Array();
    </script>
    <!--
      <script type="text/javascript" src="jquery-ui/js/jquery-ui-1.8.16.custom.min.js"></script>
     -->
  </head>

  <body>
    <div class="top-banner-root">
      <span class="top-banner-title-font">Test results</span>
      <br/>
      <span class="top-banner-font-1">1 suite, 6 failed tests</span>
    </div> <!-- top-banner-root -->
    <div class="navigator-root">
      <div class="navigator-suite-header">
        <span>All suites</span>
        <a href="#" title="Collapse/expand all the suites" class="collapse-all-link">
          <img src="collapseall.gif" class="collapse-all-icon">
          </img> <!-- collapse-all-icon -->
        </a> <!-- collapse-all-link -->
      </div> <!-- navigator-suite-header -->
      <div class="suite">
        <div class="rounded-window">
          <div class="suite-header light-rounded-window-top">
            <a href="#" panel-name="suite-Home_Test" class="navigator-link">
              <span class="suite-name border-failed">Home Test</span>
            </a> <!-- navigator-link -->
          </div> <!-- suite-header light-rounded-window-top -->
          <div class="navigator-suite-content">
            <div class="suite-section-title">
              <span>Info</span>
            </div> <!-- suite-section-title -->
            <div class="suite-section-content">
              <ul>
                <li>
                  <a href="#" panel-name="test-xml-Home_Test" class="navigator-link ">
                    <span>E:\CABI\PRA_PORTAL\home.xml</span>
                  </a> <!-- navigator-link  -->
                </li>
                <li>
                  <a href="#" panel-name="testlist-Home_Test" class="navigator-link ">
                    <span class="test-stats">1 test</span>
                  </a> <!-- navigator-link  -->
                </li>
                <li>
                  <a href="#" panel-name="group-Home_Test" class="navigator-link ">
                    <span>0 groups</span>
                  </a> <!-- navigator-link  -->
                </li>
                <li>
                  <a href="#" panel-name="times-Home_Test" class="navigator-link ">
                    <span>Times</span>
                  </a> <!-- navigator-link  -->
                </li>
                <li>
                  <a href="#" panel-name="reporter-Home_Test" class="navigator-link ">
                    <span>Reporter output</span>
                  </a> <!-- navigator-link  -->
                </li>
                <li>
                  <a href="#" panel-name="ignored-methods-Home_Test" class="navigator-link ">
                    <span>Ignored methods</span>
                  </a> <!-- navigator-link  -->
                </li>
                <li>
                  <a href="#" panel-name="chronological-Home_Test" class="navigator-link ">
                    <span>Chronological view</span>
                  </a> <!-- navigator-link  -->
                </li>
              </ul>
            </div> <!-- suite-section-content -->
            <div class="result-section">
              <div class="suite-section-title">
                <span>Results</span>
              </div> <!-- suite-section-title -->
              <div class="suite-section-content">
                <ul>
                  <li>
                    <span class="method-stats">15 methods, 6 failed,   9 passed</span>
                  </li>
                  <li>
                    <span class="method-list-title failed">Failed methods</span>
                    <span class="show-or-hide-methods failed">
                      <a href="#" panel-name="suite-Home_Test" class="hide-methods failed suite-Home_Test"> (hide)</a> <!-- hide-methods failed suite-Home_Test -->
                      <a href="#" panel-name="suite-Home_Test" class="show-methods failed suite-Home_Test"> (show)</a> <!-- show-methods failed suite-Home_Test -->
                    </span>
                    <div class="method-list-content failed suite-Home_Test">
                      <span>
                        <img src="failed.png" width="3%"/>
                        <a href="#" panel-name="suite-Home_Test" title="pra_package.PRA_Home" class="method navigator-link" hash-for-method="By_pest_Probabity_of_entry">By_pest_Probabity_of_entry</a> <!-- method navigator-link -->
                      </span>
                      <br/>
                      <span>
                        <img src="failed.png" width="3%"/>
                        <a href="#" panel-name="suite-Home_Test" title="pra_package.PRA_Home" class="method navigator-link" hash-for-method="By_pest_cattegorization_tab">By_pest_cattegorization_tab</a> <!-- method navigator-link -->
                      </span>
                      <br/>
                      <span>
                        <img src="failed.png" width="3%"/>
                        <a href="#" panel-name="suite-Home_Test" title="pra_package.PRA_Home" class="method navigator-link" hash-for-method="By_pest_initiation">By_pest_initiation</a> <!-- method navigator-link -->
                      </span>
                      <br/>
                      <span>
                        <img src="failed.png" width="3%"/>
                        <a href="#" panel-name="suite-Home_Test" title="pra_package.PRA_Home" class="method navigator-link" hash-for-method="Bypest_PRA_summary_screen">Bypest_PRA_summary_screen</a> <!-- method navigator-link -->
                      </span>
                      <br/>
                      <span>
                        <img src="failed.png" width="3%"/>
                        <a href="#" panel-name="suite-Home_Test" title="pra_package.PRA_Home" class="method navigator-link" hash-for-method="Bypest_risk_management">Bypest_risk_management</a> <!-- method navigator-link -->
                      </span>
                      <br/>
                      <span>
                        <img src="failed.png" width="3%"/>
                        <a href="#" panel-name="suite-Home_Test" title="pra_package.PRA_Home" class="method navigator-link" hash-for-method="Bypest_riskassessment">Bypest_riskassessment</a> <!-- method navigator-link -->
                      </span>
                      <br/>
                    </div> <!-- method-list-content failed suite-Home_Test -->
                  </li>
                  <li>
                    <span class="method-list-title passed">Passed methods</span>
                    <span class="show-or-hide-methods passed">
                      <a href="#" panel-name="suite-Home_Test" class="hide-methods passed suite-Home_Test"> (hide)</a> <!-- hide-methods passed suite-Home_Test -->
                      <a href="#" panel-name="suite-Home_Test" class="show-methods passed suite-Home_Test"> (show)</a> <!-- show-methods passed suite-Home_Test -->
                    </span>
                    <div class="method-list-content passed suite-Home_Test">
                      <span>
                        <img src="passed.png" width="3%"/>
                        <a href="#" panel-name="suite-Home_Test" title="pra_package.PRA_Home" class="method navigator-link" hash-for-method="Banner_footer">Banner_footer</a> <!-- method navigator-link -->
                      </span>
                      <br/>
                      <span>
                        <img src="passed.png" width="3%"/>
                        <a href="#" panel-name="suite-Home_Test" title="pra_package.PRA_Home" class="method navigator-link" hash-for-method="By_pest_delete_PRA">By_pest_delete_PRA</a> <!-- method navigator-link -->
                      </span>
                      <br/>
                      <span>
                        <img src="passed.png" width="3%"/>
                        <a href="#" panel-name="suite-Home_Test" title="pra_package.PRA_Home" class="method navigator-link" hash-for-method="Bypest_download_PRA_report">Bypest_download_PRA_report</a> <!-- method navigator-link -->
                      </span>
                      <br/>
                      <span>
                        <img src="passed.png" width="3%"/>
                        <a href="#" panel-name="suite-Home_Test" title="pra_package.PRA_Home" class="method navigator-link" hash-for-method="PRA_Home_Test">PRA_Home_Test</a> <!-- method navigator-link -->
                      </span>
                      <br/>
                      <span>
                        <img src="passed.png" width="3%"/>
                        <a href="#" panel-name="suite-Home_Test" title="pra_package.PRA_Home" class="method navigator-link" hash-for-method="Previous_PRA_Test">Previous_PRA_Test</a> <!-- method navigator-link -->
                      </span>
                      <br/>
                      <span>
                        <img src="passed.png" width="3%"/>
                        <a href="#" panel-name="suite-Home_Test" title="pra_package.PRA_Home" class="method navigator-link" hash-for-method="Regulated_Pest_Test">Regulated_Pest_Test</a> <!-- method navigator-link -->
                      </span>
                      <br/>
                      <span>
                        <img src="passed.png" width="3%"/>
                        <a href="#" panel-name="suite-Home_Test" title="pra_package.PRA_Home" class="method navigator-link" hash-for-method="login_Test">login_Test</a> <!-- method navigator-link -->
                      </span>
                      <br/>
                      <span>
                        <img src="passed.png" width="3%"/>
                        <a href="#" panel-name="suite-Home_Test" title="pra_package.PRA_Home" class="method navigator-link" hash-for-method="pathway_creation">pathway_creation</a> <!-- method navigator-link -->
                      </span>
                      <br/>
                      <span>
                        <img src="passed.png" width="3%"/>
                        <a href="#" panel-name="suite-Home_Test" title="pra_package.PRA_Home" class="method navigator-link" hash-for-method="title_verification">title_verification</a> <!-- method navigator-link -->
                      </span>
                      <br/>
                    </div> <!-- method-list-content passed suite-Home_Test -->
                  </li>
                </ul>
              </div> <!-- suite-section-content -->
            </div> <!-- result-section -->
          </div> <!-- navigator-suite-content -->
        </div> <!-- rounded-window -->
      </div> <!-- suite -->
    </div> <!-- navigator-root -->
    <div class="wrapper">
      <div class="main-panel-root">
        <div panel-name="suite-Home_Test" class="panel Home_Test">
          <div class="suite-Home_Test-class-failed">
            <div class="main-panel-header rounded-window-top">
              <img src="failed.png"/>
              <span class="class-name">pra_package.PRA_Home</span>
            </div> <!-- main-panel-header rounded-window-top -->
            <div class="main-panel-content rounded-window-bottom">
              <div class="method">
                <div class="method-content">
                  <a name="By_pest_Probabity_of_entry">
                  </a> <!-- By_pest_Probabity_of_entry -->
                  <span class="method-name">By_pest_Probabity_of_entry</span>
                  <div class="stack-trace">org.openqa.selenium.NoSuchElementException: no such element: Unable to locate element: {&quot;method&quot;:&quot;link text&quot;,&quot;selector&quot;:&quot;0_automation_PRA&quot;}
  (Session info: chrome=87.0.4280.88)
  (Driver info: chromedriver=87.0.4280.20 (c99e81631faa0b2a448e658c0dbd8311fb04ddbd-refs/branch-heads/4280@{#355}),platform=Windows NT 10.0.18363 x86_64) (WARNING: The server did not provide any stacktrace information)
Command duration or timeout: 133 milliseconds
For documentation on this error, please visit: http://seleniumhq.org/exceptions/no_such_element.html
Build info: version: &apos;2.53.0&apos;, revision: &apos;35ae25b1534ae328c771e0856c93e187490ca824&apos;, time: &apos;2016-03-15 10:43:46&apos;
System info: host: &apos;DESKTOP-K8HJ363&apos;, ip: &apos;192.168.43.99&apos;, os.name: &apos;Windows 10&apos;, os.arch: &apos;amd64&apos;, os.version: &apos;10.0&apos;, java.version: &apos;14.0.2&apos;
Driver info: org.openqa.selenium.chrome.ChromeDriver
Capabilities [{mobileEmulationEnabled=false, timeouts={implicit=0, pageLoad=300000, script=30000}, hasTouchScreen=false, platform=XP, acceptSslCerts=false, goog:chromeOptions={debuggerAddress=localhost:63559}, acceptInsecureCerts=false, webStorageEnabled=true, browserName=chrome, takesScreenshot=true, javascriptEnabled=true, setWindowRect=true, unexpectedAlertBehaviour=ignore, applicationCacheEnabled=false, rotatable=false, networkConnectionEnabled=false, chrome={chromedriverVersion=87.0.4280.20 (c99e81631faa0b2a448e658c0dbd8311fb04ddbd-refs/branch-heads/4280@{#355}), userDataDir=C:\Users\X240\AppData\Local\Temp\scoped_dir11440_268962445}, takesHeapSnapshot=true, pageLoadStrategy=normal, strictFileInteractability=false, databaseEnabled=false, handlesAlerts=true, version=87.0.4280.88, browserConnectionEnabled=false, proxy={}, nativeEvents=true, locationContextEnabled=true, cssSelectorsEnabled=true, webauthn:virtualAuthenticators=true}]
Session ID: 41d8437205cae15b4b56f3e4f2d01555
*** Element info: {Using=link text, value=0_automation_PRA}
	at org.openqa.selenium.remote.ErrorHandler.createThrowable(ErrorHandler.java:206)
	at org.openqa.selenium.remote.ErrorHandler.throwIfResponseFailed(ErrorHandler.java:158)
	at org.openqa.selenium.remote.RemoteWebDriver.execute(RemoteWebDriver.java:678)
	at org.openqa.selenium.remote.RemoteWebDriver.findElement(RemoteWebDriver.java:363)
	at org.openqa.selenium.remote.RemoteWebDriver.findElementByLinkText(RemoteWebDriver.java:428)
	at org.openqa.selenium.By$ByLinkText.findElement(By.java:246)
	at org.openqa.selenium.remote.RemoteWebDriver.findElement(RemoteWebDriver.java:355)
	at org.openqa.selenium.support.pagefactory.DefaultElementLocator.findElement(DefaultElementLocator.java:69)
	at org.openqa.selenium.support.pagefactory.internal.LocatingElementHandler.invoke(LocatingElementHandler.java:38)
	at com.sun.proxy.$Proxy12.click(Unknown Source)
	at pra_child_classes.Bypest_Probability_of_entry.riskassesmenttab(Bypest_Probability_of_entry.java:41)
	at pra_package.PRA_Home.By_pest_Probabity_of_entry(PRA_Home.java:218)
	at java.base/java.util.ArrayList.forEach(ArrayList.java:1511)
... Removed 32 stack frames
</div> <!-- stack-trace -->
                </div> <!-- method-content -->
              </div> <!-- method -->
              <div class="method">
                <div class="method-content">
                  <a name="By_pest_cattegorization_tab">
                  </a> <!-- By_pest_cattegorization_tab -->
                  <span class="method-name">By_pest_cattegorization_tab</span>
                  <div class="stack-trace">org.openqa.selenium.NoSuchElementException: no such element: Unable to locate element: {&quot;method&quot;:&quot;link text&quot;,&quot;selector&quot;:&quot;0_automation_PRA&quot;}
  (Session info: chrome=87.0.4280.88)
  (Driver info: chromedriver=87.0.4280.20 (c99e81631faa0b2a448e658c0dbd8311fb04ddbd-refs/branch-heads/4280@{#355}),platform=Windows NT 10.0.18363 x86_64) (WARNING: The server did not provide any stacktrace information)
Command duration or timeout: 109 milliseconds
For documentation on this error, please visit: http://seleniumhq.org/exceptions/no_such_element.html
Build info: version: &apos;2.53.0&apos;, revision: &apos;35ae25b1534ae328c771e0856c93e187490ca824&apos;, time: &apos;2016-03-15 10:43:46&apos;
System info: host: &apos;DESKTOP-K8HJ363&apos;, ip: &apos;192.168.43.99&apos;, os.name: &apos;Windows 10&apos;, os.arch: &apos;amd64&apos;, os.version: &apos;10.0&apos;, java.version: &apos;14.0.2&apos;
Driver info: org.openqa.selenium.chrome.ChromeDriver
Capabilities [{mobileEmulationEnabled=false, timeouts={implicit=0, pageLoad=300000, script=30000}, hasTouchScreen=false, platform=XP, acceptSslCerts=false, goog:chromeOptions={debuggerAddress=localhost:63559}, acceptInsecureCerts=false, webStorageEnabled=true, browserName=chrome, takesScreenshot=true, javascriptEnabled=true, setWindowRect=true, unexpectedAlertBehaviour=ignore, applicationCacheEnabled=false, rotatable=false, networkConnectionEnabled=false, chrome={chromedriverVersion=87.0.4280.20 (c99e81631faa0b2a448e658c0dbd8311fb04ddbd-refs/branch-heads/4280@{#355}), userDataDir=C:\Users\X240\AppData\Local\Temp\scoped_dir11440_268962445}, takesHeapSnapshot=true, pageLoadStrategy=normal, strictFileInteractability=false, databaseEnabled=false, handlesAlerts=true, version=87.0.4280.88, browserConnectionEnabled=false, proxy={}, nativeEvents=true, locationContextEnabled=true, cssSelectorsEnabled=true, webauthn:virtualAuthenticators=true}]
Session ID: 41d8437205cae15b4b56f3e4f2d01555
*** Element info: {Using=link text, value=0_automation_PRA}
	at org.openqa.selenium.remote.ErrorHandler.createThrowable(ErrorHandler.java:206)
	at org.openqa.selenium.remote.ErrorHandler.throwIfResponseFailed(ErrorHandler.java:158)
	at org.openqa.selenium.remote.RemoteWebDriver.execute(RemoteWebDriver.java:678)
	at org.openqa.selenium.remote.RemoteWebDriver.findElement(RemoteWebDriver.java:363)
	at org.openqa.selenium.remote.RemoteWebDriver.findElementByLinkText(RemoteWebDriver.java:428)
	at org.openqa.selenium.By$ByLinkText.findElement(By.java:246)
	at org.openqa.selenium.remote.RemoteWebDriver.findElement(RemoteWebDriver.java:355)
	at org.openqa.selenium.support.pagefactory.DefaultElementLocator.findElement(DefaultElementLocator.java:69)
	at org.openqa.selenium.support.pagefactory.internal.LocatingElementHandler.invoke(LocatingElementHandler.java:38)
	at com.sun.proxy.$Proxy12.click(Unknown Source)
	at pra_child_classes.ByPest_categorization.categorization(ByPest_categorization.java:50)
	at pra_package.PRA_Home.By_pest_cattegorization_tab(PRA_Home.java:212)
	at java.base/java.util.ArrayList.forEach(ArrayList.java:1511)
... Removed 32 stack frames
</div> <!-- stack-trace -->
                </div> <!-- method-content -->
              </div> <!-- method -->
              <div class="method">
                <div class="method-content">
                  <a name="By_pest_initiation">
                  </a> <!-- By_pest_initiation -->
                  <span class="method-name">By_pest_initiation</span>
                  <div class="stack-trace">org.openqa.selenium.NoSuchElementException: no such element: Unable to locate element: {&quot;method&quot;:&quot;link text&quot;,&quot;selector&quot;:&quot;0_automation_PRA&quot;}
  (Session info: chrome=87.0.4280.88)
  (Driver info: chromedriver=87.0.4280.20 (c99e81631faa0b2a448e658c0dbd8311fb04ddbd-refs/branch-heads/4280@{#355}),platform=Windows NT 10.0.18363 x86_64) (WARNING: The server did not provide any stacktrace information)
Command duration or timeout: 220 milliseconds
For documentation on this error, please visit: http://seleniumhq.org/exceptions/no_such_element.html
Build info: version: &apos;2.53.0&apos;, revision: &apos;35ae25b1534ae328c771e0856c93e187490ca824&apos;, time: &apos;2016-03-15 10:43:46&apos;
System info: host: &apos;DESKTOP-K8HJ363&apos;, ip: &apos;192.168.43.99&apos;, os.name: &apos;Windows 10&apos;, os.arch: &apos;amd64&apos;, os.version: &apos;10.0&apos;, java.version: &apos;14.0.2&apos;
Driver info: org.openqa.selenium.chrome.ChromeDriver
Capabilities [{mobileEmulationEnabled=false, timeouts={implicit=0, pageLoad=300000, script=30000}, hasTouchScreen=false, platform=XP, acceptSslCerts=false, goog:chromeOptions={debuggerAddress=localhost:63559}, acceptInsecureCerts=false, webStorageEnabled=true, browserName=chrome, takesScreenshot=true, javascriptEnabled=true, setWindowRect=true, unexpectedAlertBehaviour=ignore, applicationCacheEnabled=false, rotatable=false, networkConnectionEnabled=false, chrome={chromedriverVersion=87.0.4280.20 (c99e81631faa0b2a448e658c0dbd8311fb04ddbd-refs/branch-heads/4280@{#355}), userDataDir=C:\Users\X240\AppData\Local\Temp\scoped_dir11440_268962445}, takesHeapSnapshot=true, pageLoadStrategy=normal, strictFileInteractability=false, databaseEnabled=false, handlesAlerts=true, version=87.0.4280.88, browserConnectionEnabled=false, proxy={}, nativeEvents=true, locationContextEnabled=true, cssSelectorsEnabled=true, webauthn:virtualAuthenticators=true}]
Session ID: 41d8437205cae15b4b56f3e4f2d01555
*** Element info: {Using=link text, value=0_automation_PRA}
	at org.openqa.selenium.remote.ErrorHandler.createThrowable(ErrorHandler.java:206)
	at org.openqa.selenium.remote.ErrorHandler.throwIfResponseFailed(ErrorHandler.java:158)
	at org.openqa.selenium.remote.RemoteWebDriver.execute(RemoteWebDriver.java:678)
	at org.openqa.selenium.remote.RemoteWebDriver.findElement(RemoteWebDriver.java:363)
	at org.openqa.selenium.remote.RemoteWebDriver.findElementByLinkText(RemoteWebDriver.java:428)
	at org.openqa.selenium.By$ByLinkText.findElement(By.java:246)
	at org.openqa.selenium.remote.RemoteWebDriver.findElement(RemoteWebDriver.java:355)
	at org.openqa.selenium.support.pagefactory.DefaultElementLocator.findElement(DefaultElementLocator.java:69)
	at org.openqa.selenium.support.pagefactory.internal.LocatingElementHandler.invoke(LocatingElementHandler.java:38)
	at com.sun.proxy.$Proxy12.click(Unknown Source)
	at pra_child_classes.ByPest_initiation.By_pest_initiation_pra(ByPest_initiation.java:45)
	at pra_package.PRA_Home.By_pest_initiation(PRA_Home.java:205)
	at java.base/java.util.ArrayList.forEach(ArrayList.java:1511)
... Removed 32 stack frames
</div> <!-- stack-trace -->
                </div> <!-- method-content -->
              </div> <!-- method -->
              <div class="method">
                <div class="method-content">
                  <a name="Bypest_PRA_summary_screen">
                  </a> <!-- Bypest_PRA_summary_screen -->
                  <span class="method-name">Bypest_PRA_summary_screen</span>
                  <div class="stack-trace">org.openqa.selenium.NoSuchElementException: no such element: Unable to locate element: {&quot;method&quot;:&quot;link text&quot;,&quot;selector&quot;:&quot;4. PRA summary&quot;}
  (Session info: chrome=87.0.4280.88)
  (Driver info: chromedriver=87.0.4280.20 (c99e81631faa0b2a448e658c0dbd8311fb04ddbd-refs/branch-heads/4280@{#355}),platform=Windows NT 10.0.18363 x86_64) (WARNING: The server did not provide any stacktrace information)
Command duration or timeout: 163 milliseconds
For documentation on this error, please visit: http://seleniumhq.org/exceptions/no_such_element.html
Build info: version: &apos;2.53.0&apos;, revision: &apos;35ae25b1534ae328c771e0856c93e187490ca824&apos;, time: &apos;2016-03-15 10:43:46&apos;
System info: host: &apos;DESKTOP-K8HJ363&apos;, ip: &apos;192.168.43.99&apos;, os.name: &apos;Windows 10&apos;, os.arch: &apos;amd64&apos;, os.version: &apos;10.0&apos;, java.version: &apos;14.0.2&apos;
Driver info: org.openqa.selenium.chrome.ChromeDriver
Capabilities [{mobileEmulationEnabled=false, timeouts={implicit=0, pageLoad=300000, script=30000}, hasTouchScreen=false, platform=XP, acceptSslCerts=false, goog:chromeOptions={debuggerAddress=localhost:63559}, acceptInsecureCerts=false, webStorageEnabled=true, browserName=chrome, takesScreenshot=true, javascriptEnabled=true, setWindowRect=true, unexpectedAlertBehaviour=ignore, applicationCacheEnabled=false, rotatable=false, networkConnectionEnabled=false, chrome={chromedriverVersion=87.0.4280.20 (c99e81631faa0b2a448e658c0dbd8311fb04ddbd-refs/branch-heads/4280@{#355}), userDataDir=C:\Users\X240\AppData\Local\Temp\scoped_dir11440_268962445}, takesHeapSnapshot=true, pageLoadStrategy=normal, strictFileInteractability=false, databaseEnabled=false, handlesAlerts=true, version=87.0.4280.88, browserConnectionEnabled=false, proxy={}, nativeEvents=true, locationContextEnabled=true, cssSelectorsEnabled=true, webauthn:virtualAuthenticators=true}]
Session ID: 41d8437205cae15b4b56f3e4f2d01555
*** Element info: {Using=link text, value=4. PRA summary}
	at org.openqa.selenium.remote.ErrorHandler.createThrowable(ErrorHandler.java:206)
	at org.openqa.selenium.remote.ErrorHandler.throwIfResponseFailed(ErrorHandler.java:158)
	at org.openqa.selenium.remote.RemoteWebDriver.execute(RemoteWebDriver.java:678)
	at org.openqa.selenium.remote.RemoteWebDriver.findElement(RemoteWebDriver.java:363)
	at org.openqa.selenium.remote.RemoteWebDriver.findElementByLinkText(RemoteWebDriver.java:428)
	at org.openqa.selenium.By$ByLinkText.findElement(By.java:246)
	at org.openqa.selenium.remote.RemoteWebDriver.findElement(RemoteWebDriver.java:355)
	at org.openqa.selenium.support.pagefactory.DefaultElementLocator.findElement(DefaultElementLocator.java:69)
	at org.openqa.selenium.support.pagefactory.internal.LocatingElementHandler.invoke(LocatingElementHandler.java:38)
	at com.sun.proxy.$Proxy12.click(Unknown Source)
	at pra_child_classes.Bypest_pra_summary.pra_summary(Bypest_pra_summary.java:37)
	at pra_package.PRA_Home.Bypest_PRA_summary_screen(PRA_Home.java:257)
	at java.base/java.util.ArrayList.forEach(ArrayList.java:1511)
... Removed 32 stack frames
</div> <!-- stack-trace -->
                </div> <!-- method-content -->
              </div> <!-- method -->
              <div class="method">
                <div class="method-content">
                  <a name="Bypest_risk_management">
                  </a> <!-- Bypest_risk_management -->
                  <span class="method-name">Bypest_risk_management</span>
                  <div class="stack-trace">org.openqa.selenium.NoSuchElementException: no such element: Unable to locate element: {&quot;method&quot;:&quot;xpath&quot;,&quot;selector&quot;:&quot;//h1[@class=&apos;tab-header&apos;]&quot;}
  (Session info: chrome=87.0.4280.88)
  (Driver info: chromedriver=87.0.4280.20 (c99e81631faa0b2a448e658c0dbd8311fb04ddbd-refs/branch-heads/4280@{#355}),platform=Windows NT 10.0.18363 x86_64) (WARNING: The server did not provide any stacktrace information)
Command duration or timeout: 14 milliseconds
For documentation on this error, please visit: http://seleniumhq.org/exceptions/no_such_element.html
Build info: version: &apos;2.53.0&apos;, revision: &apos;35ae25b1534ae328c771e0856c93e187490ca824&apos;, time: &apos;2016-03-15 10:43:46&apos;
System info: host: &apos;DESKTOP-K8HJ363&apos;, ip: &apos;192.168.43.99&apos;, os.name: &apos;Windows 10&apos;, os.arch: &apos;amd64&apos;, os.version: &apos;10.0&apos;, java.version: &apos;14.0.2&apos;
Driver info: org.openqa.selenium.chrome.ChromeDriver
Capabilities [{mobileEmulationEnabled=false, timeouts={implicit=0, pageLoad=300000, script=30000}, hasTouchScreen=false, platform=XP, acceptSslCerts=false, goog:chromeOptions={debuggerAddress=localhost:63559}, acceptInsecureCerts=false, webStorageEnabled=true, browserName=chrome, takesScreenshot=true, javascriptEnabled=true, setWindowRect=true, unexpectedAlertBehaviour=ignore, applicationCacheEnabled=false, rotatable=false, networkConnectionEnabled=false, chrome={chromedriverVersion=87.0.4280.20 (c99e81631faa0b2a448e658c0dbd8311fb04ddbd-refs/branch-heads/4280@{#355}), userDataDir=C:\Users\X240\AppData\Local\Temp\scoped_dir11440_268962445}, takesHeapSnapshot=true, pageLoadStrategy=normal, strictFileInteractability=false, databaseEnabled=false, handlesAlerts=true, version=87.0.4280.88, browserConnectionEnabled=false, proxy={}, nativeEvents=true, locationContextEnabled=true, cssSelectorsEnabled=true, webauthn:virtualAuthenticators=true}]
Session ID: 41d8437205cae15b4b56f3e4f2d01555
*** Element info: {Using=xpath, value=//h1[@class=&apos;tab-header&apos;]}
	at org.openqa.selenium.remote.ErrorHandler.createThrowable(ErrorHandler.java:206)
	at org.openqa.selenium.remote.ErrorHandler.throwIfResponseFailed(ErrorHandler.java:158)
	at org.openqa.selenium.remote.RemoteWebDriver.execute(RemoteWebDriver.java:678)
	at org.openqa.selenium.remote.RemoteWebDriver.findElement(RemoteWebDriver.java:363)
	at org.openqa.selenium.remote.RemoteWebDriver.findElementByXPath(RemoteWebDriver.java:500)
	at org.openqa.selenium.By$ByXPath.findElement(By.java:361)
	at org.openqa.selenium.remote.RemoteWebDriver.findElement(RemoteWebDriver.java:355)
	at org.openqa.selenium.support.pagefactory.DefaultElementLocator.findElement(DefaultElementLocator.java:69)
	at org.openqa.selenium.support.pagefactory.internal.LocatingElementHandler.invoke(LocatingElementHandler.java:38)
	at com.sun.proxy.$Proxy12.getText(Unknown Source)
	at pra_child_classes.Risk_management.risk_management_form(Risk_management.java:34)
	at pra_package.PRA_Home.Bypest_risk_management(PRA_Home.java:250)
	at java.base/java.util.ArrayList.forEach(ArrayList.java:1511)
... Removed 32 stack frames
</div> <!-- stack-trace -->
                </div> <!-- method-content -->
              </div> <!-- method -->
              <div class="method">
                <div class="method-content">
                  <a name="Bypest_riskassessment">
                  </a> <!-- Bypest_riskassessment -->
                  <span class="method-name">Bypest_riskassessment</span>
                  <div class="stack-trace">org.openqa.selenium.NoSuchElementException: no such element: Unable to locate element: {&quot;method&quot;:&quot;xpath&quot;,&quot;selector&quot;:&quot;//div[@class=&apos;col-sm-12&apos;]//li[@class=&apos;active&apos;]//p//a&quot;}
  (Session info: chrome=87.0.4280.88)
  (Driver info: chromedriver=87.0.4280.20 (c99e81631faa0b2a448e658c0dbd8311fb04ddbd-refs/branch-heads/4280@{#355}),platform=Windows NT 10.0.18363 x86_64) (WARNING: The server did not provide any stacktrace information)
Command duration or timeout: 16 milliseconds
For documentation on this error, please visit: http://seleniumhq.org/exceptions/no_such_element.html
Build info: version: &apos;2.53.0&apos;, revision: &apos;35ae25b1534ae328c771e0856c93e187490ca824&apos;, time: &apos;2016-03-15 10:43:46&apos;
System info: host: &apos;DESKTOP-K8HJ363&apos;, ip: &apos;192.168.43.99&apos;, os.name: &apos;Windows 10&apos;, os.arch: &apos;amd64&apos;, os.version: &apos;10.0&apos;, java.version: &apos;14.0.2&apos;
Driver info: org.openqa.selenium.chrome.ChromeDriver
Capabilities [{mobileEmulationEnabled=false, timeouts={implicit=0, pageLoad=300000, script=30000}, hasTouchScreen=false, platform=XP, acceptSslCerts=false, goog:chromeOptions={debuggerAddress=localhost:63559}, acceptInsecureCerts=false, webStorageEnabled=true, browserName=chrome, takesScreenshot=true, javascriptEnabled=true, setWindowRect=true, unexpectedAlertBehaviour=ignore, applicationCacheEnabled=false, rotatable=false, networkConnectionEnabled=false, chrome={chromedriverVersion=87.0.4280.20 (c99e81631faa0b2a448e658c0dbd8311fb04ddbd-refs/branch-heads/4280@{#355}), userDataDir=C:\Users\X240\AppData\Local\Temp\scoped_dir11440_268962445}, takesHeapSnapshot=true, pageLoadStrategy=normal, strictFileInteractability=false, databaseEnabled=false, handlesAlerts=true, version=87.0.4280.88, browserConnectionEnabled=false, proxy={}, nativeEvents=true, locationContextEnabled=true, cssSelectorsEnabled=true, webauthn:virtualAuthenticators=true}]
Session ID: 41d8437205cae15b4b56f3e4f2d01555
*** Element info: {Using=xpath, value=//div[@class=&apos;col-sm-12&apos;]//li[@class=&apos;active&apos;]//p//a}
	at org.openqa.selenium.remote.ErrorHandler.createThrowable(ErrorHandler.java:206)
	at org.openqa.selenium.remote.ErrorHandler.throwIfResponseFailed(ErrorHandler.java:158)
	at org.openqa.selenium.remote.RemoteWebDriver.execute(RemoteWebDriver.java:678)
	at org.openqa.selenium.remote.RemoteWebDriver.findElement(RemoteWebDriver.java:363)
	at org.openqa.selenium.remote.RemoteWebDriver.findElementByXPath(RemoteWebDriver.java:500)
	at org.openqa.selenium.By$ByXPath.findElement(By.java:361)
	at org.openqa.selenium.remote.RemoteWebDriver.findElement(RemoteWebDriver.java:355)
	at org.openqa.selenium.support.pagefactory.DefaultElementLocator.findElement(DefaultElementLocator.java:69)
	at org.openqa.selenium.support.pagefactory.internal.LocatingElementHandler.invoke(LocatingElementHandler.java:38)
	at com.sun.proxy.$Proxy12.getText(Unknown Source)
	at pra_child_classes.Risk_assessment.by_pest_risk_assessment(Risk_assessment.java:38)
	at pra_package.PRA_Home.Bypest_riskassessment(PRA_Home.java:241)
	at java.base/java.util.ArrayList.forEach(ArrayList.java:1511)
... Removed 32 stack frames
</div> <!-- stack-trace -->
                </div> <!-- method-content -->
              </div> <!-- method -->
            </div> <!-- main-panel-content rounded-window-bottom -->
          </div> <!-- suite-Home_Test-class-failed -->
          <div class="suite-Home_Test-class-passed">
            <div class="main-panel-header rounded-window-top">
              <img src="passed.png"/>
              <span class="class-name">pra_package.PRA_Home</span>
            </div> <!-- main-panel-header rounded-window-top -->
            <div class="main-panel-content rounded-window-bottom">
              <div class="method">
                <div class="method-content">
                  <a name="Banner_footer">
                  </a> <!-- Banner_footer -->
                  <span class="method-name">Banner_footer</span>
                </div> <!-- method-content -->
              </div> <!-- method -->
              <div class="method">
                <div class="method-content">
                  <a name="By_pest_delete_PRA">
                  </a> <!-- By_pest_delete_PRA -->
                  <span class="method-name">By_pest_delete_PRA</span>
                </div> <!-- method-content -->
              </div> <!-- method -->
              <div class="method">
                <div class="method-content">
                  <a name="Bypest_download_PRA_report">
                  </a> <!-- Bypest_download_PRA_report -->
                  <span class="method-name">Bypest_download_PRA_report</span>
                </div> <!-- method-content -->
              </div> <!-- method -->
              <div class="method">
                <div class="method-content">
                  <a name="PRA_Home_Test">
                  </a> <!-- PRA_Home_Test -->
                  <span class="method-name">PRA_Home_Test</span>
                </div> <!-- method-content -->
              </div> <!-- method -->
              <div class="method">
                <div class="method-content">
                  <a name="Previous_PRA_Test">
                  </a> <!-- Previous_PRA_Test -->
                  <span class="method-name">Previous_PRA_Test</span>
                </div> <!-- method-content -->
              </div> <!-- method -->
              <div class="method">
                <div class="method-content">
                  <a name="Regulated_Pest_Test">
                  </a> <!-- Regulated_Pest_Test -->
                  <span class="method-name">Regulated_Pest_Test</span>
                </div> <!-- method-content -->
              </div> <!-- method -->
              <div class="method">
                <div class="method-content">
                  <a name="login_Test">
                  </a> <!-- login_Test -->
                  <span class="method-name">login_Test</span>
                </div> <!-- method-content -->
              </div> <!-- method -->
              <div class="method">
                <div class="method-content">
                  <a name="pathway_creation">
                  </a> <!-- pathway_creation -->
                  <span class="method-name">pathway_creation</span>
                </div> <!-- method-content -->
              </div> <!-- method -->
              <div class="method">
                <div class="method-content">
                  <a name="title_verification">
                  </a> <!-- title_verification -->
                  <span class="method-name">title_verification</span>
                </div> <!-- method-content -->
              </div> <!-- method -->
            </div> <!-- main-panel-content rounded-window-bottom -->
          </div> <!-- suite-Home_Test-class-passed -->
        </div> <!-- panel Home_Test -->
        <div panel-name="test-xml-Home_Test" class="panel">
          <div class="main-panel-header rounded-window-top">
            <span class="header-content">E:\CABI\PRA_PORTAL\home.xml</span>
          </div> <!-- main-panel-header rounded-window-top -->
          <div class="main-panel-content rounded-window-bottom">
            <pre>
&lt;?xml version=&quot;1.0&quot; encoding=&quot;UTF-8&quot;?&gt;
&lt;!DOCTYPE suite SYSTEM &quot;https://testng.org/testng-1.0.dtd&quot;&gt;
&lt;suite name=&quot;Home Test&quot; guice-stage=&quot;DEVELOPMENT&quot;&gt;
  &lt;test thread-count=&quot;5&quot; name=&quot;Home&quot;&gt;
    &lt;classes&gt;
      &lt;class name=&quot;pra_package.PRA_Home&quot;&gt;
        &lt;methods&gt;
          &lt;exclude name=&quot;Team_creation&quot;/&gt;
        &lt;/methods&gt;
      &lt;/class&gt; &lt;!-- pra_package.PRA_Home --&gt;
    &lt;/classes&gt;
  &lt;/test&gt; &lt;!-- Home --&gt;
&lt;/suite&gt; &lt;!-- Home Test --&gt;
            </pre>
          </div> <!-- main-panel-content rounded-window-bottom -->
        </div> <!-- panel -->
        <div panel-name="testlist-Home_Test" class="panel">
          <div class="main-panel-header rounded-window-top">
            <span class="header-content">Tests for Home Test</span>
          </div> <!-- main-panel-header rounded-window-top -->
          <div class="main-panel-content rounded-window-bottom">
            <ul>
              <li>
                <span class="test-name">Home (1 class)</span>
              </li>
            </ul>
          </div> <!-- main-panel-content rounded-window-bottom -->
        </div> <!-- panel -->
        <div panel-name="group-Home_Test" class="panel">
          <div class="main-panel-header rounded-window-top">
            <span class="header-content">Groups for Home Test</span>
          </div> <!-- main-panel-header rounded-window-top -->
          <div class="main-panel-content rounded-window-bottom">
          </div> <!-- main-panel-content rounded-window-bottom -->
        </div> <!-- panel -->
        <div panel-name="times-Home_Test" class="panel">
          <div class="main-panel-header rounded-window-top">
            <span class="header-content">Times for Home Test</span>
          </div> <!-- main-panel-header rounded-window-top -->
          <div class="main-panel-content rounded-window-bottom">
            <div class="times-div">
              <script type="text/javascript">
suiteTableInitFunctions.push('tableData_Home_Test');
function tableData_Home_Test() {
var data = new google.visualization.DataTable();
data.addColumn('number', 'Number');
data.addColumn('string', 'Method');
data.addColumn('string', 'Class');
data.addColumn('number', 'Time (ms)');
data.addRows(15);
data.setCell(0, 0, 0)
data.setCell(0, 1, 'Banner_footer')
data.setCell(0, 2, 'pra_package.PRA_Home')
data.setCell(0, 3, 683106);
data.setCell(1, 0, 1)
data.setCell(1, 1, 'Regulated_Pest_Test')
data.setCell(1, 2, 'pra_package.PRA_Home')
data.setCell(1, 3, 429099);
data.setCell(2, 0, 2)
data.setCell(2, 1, 'Previous_PRA_Test')
data.setCell(2, 2, 'pra_package.PRA_Home')
data.setCell(2, 3, 348191);
data.setCell(3, 0, 3)
data.setCell(3, 1, 'PRA_Home_Test')
data.setCell(3, 2, 'pra_package.PRA_Home')
data.setCell(3, 3, 152695);
data.setCell(4, 0, 4)
data.setCell(4, 1, 'pathway_creation')
data.setCell(4, 2, 'pra_package.PRA_Home')
data.setCell(4, 3, 110060);
data.setCell(5, 0, 5)
data.setCell(5, 1, 'Bypest_download_PRA_report')
data.setCell(5, 2, 'pra_package.PRA_Home')
data.setCell(5, 3, 54130);
data.setCell(6, 0, 6)
data.setCell(6, 1, 'login_Test')
data.setCell(6, 2, 'pra_package.PRA_Home')
data.setCell(6, 3, 33283);
data.setCell(7, 0, 7)
data.setCell(7, 1, 'By_pest_delete_PRA')
data.setCell(7, 2, 'pra_package.PRA_Home')
data.setCell(7, 3, 10924);
data.setCell(8, 0, 8)
data.setCell(8, 1, 'title_verification')
data.setCell(8, 2, 'pra_package.PRA_Home')
data.setCell(8, 3, 9035);
data.setCell(9, 0, 9)
data.setCell(9, 1, 'By_pest_initiation')
data.setCell(9, 2, 'pra_package.PRA_Home')
data.setCell(9, 3, 3373);
data.setCell(10, 0, 10)
data.setCell(10, 1, 'Bypest_PRA_summary_screen')
data.setCell(10, 2, 'pra_package.PRA_Home')
data.setCell(10, 3, 2167);
data.setCell(11, 0, 11)
data.setCell(11, 1, 'By_pest_Probabity_of_entry')
data.setCell(11, 2, 'pra_package.PRA_Home')
data.setCell(11, 3, 140);
data.setCell(12, 0, 12)
data.setCell(12, 1, 'By_pest_cattegorization_tab')
data.setCell(12, 2, 'pra_package.PRA_Home')
data.setCell(12, 3, 116);
data.setCell(13, 0, 13)
data.setCell(13, 1, 'Bypest_riskassessment')
data.setCell(13, 2, 'pra_package.PRA_Home')
data.setCell(13, 3, 20);
data.setCell(14, 0, 14)
data.setCell(14, 1, 'Bypest_risk_management')
data.setCell(14, 2, 'pra_package.PRA_Home')
data.setCell(14, 3, 18);
window.suiteTableData['Home_Test']= { tableData: data, tableDiv: 'times-div-Home_Test'}
return data;
}
              </script>
              <span class="suite-total-time">Total running time: 30 minutes</span>
              <div id="times-div-Home_Test">
              </div> <!-- times-div-Home_Test -->
            </div> <!-- times-div -->
          </div> <!-- main-panel-content rounded-window-bottom -->
        </div> <!-- panel -->
        <div panel-name="reporter-Home_Test" class="panel">
          <div class="main-panel-header rounded-window-top">
            <span class="header-content">Reporter output for Home Test</span>
          </div> <!-- main-panel-header rounded-window-top -->
          <div class="main-panel-content rounded-window-bottom">
          </div> <!-- main-panel-content rounded-window-bottom -->
        </div> <!-- panel -->
        <div panel-name="ignored-methods-Home_Test" class="panel">
          <div class="main-panel-header rounded-window-top">
            <span class="header-content">0 ignored methods</span>
          </div> <!-- main-panel-header rounded-window-top -->
          <div class="main-panel-content rounded-window-bottom">
          </div> <!-- main-panel-content rounded-window-bottom -->
        </div> <!-- panel -->
        <div panel-name="chronological-Home_Test" class="panel">
          <div class="main-panel-header rounded-window-top">
            <span class="header-content">Methods in chronological order</span>
          </div> <!-- main-panel-header rounded-window-top -->
          <div class="main-panel-content rounded-window-bottom">
            <div class="chronological-class">
              <div class="chronological-class-name">pra_package.PRA_Home</div> <!-- chronological-class-name -->
              <div class="configuration-suite before">
                <span class="method-name">initialization_browser_opening</span>
                <span class="method-start">0 ms</span>
              </div> <!-- configuration-suite before -->
              <div class="test-method">
                <span class="method-name">title_verification</span>
                <span class="method-start">123826 ms</span>
              </div> <!-- test-method -->
              <div class="configuration-method after">
                <span class="method-name">fail_testcase([TestResult name=title_verification status=SUCCESS method=PRA_Home.title_verification()[pri:1, insta...)</span>
                <span class="method-start">132871 ms</span>
              </div> <!-- configuration-method after -->
              <div class="test-method">
                <span class="method-name">login_Test</span>
                <span class="method-start">132888 ms</span>
              </div> <!-- test-method -->
              <div class="configuration-method after">
                <span class="method-name">fail_testcase([TestResult name=login_Test status=SUCCESS method=PRA_Home.login_Test()[pri:2, instance:pra_package....)</span>
                <span class="method-start">166192 ms</span>
              </div> <!-- configuration-method after -->
              <div class="test-method">
                <span class="method-name">Banner_footer</span>
                <span class="method-start">166196 ms</span>
              </div> <!-- test-method -->
              <div class="configuration-method after">
                <span class="method-name">fail_testcase([TestResult name=Banner_footer status=SUCCESS method=PRA_Home.Banner_footer()[pri:5, instance:pra_pa...)</span>
                <span class="method-start">849306 ms</span>
              </div> <!-- configuration-method after -->
              <div class="test-method">
                <span class="method-name">PRA_Home_Test</span>
                <span class="method-start">849309 ms</span>
              </div> <!-- test-method -->
              <div class="configuration-method after">
                <span class="method-name">fail_testcase([TestResult name=PRA_Home_Test status=SUCCESS method=PRA_Home.PRA_Home_Test()[pri:6, instance:pra_pa...)</span>
                <span class="method-start">1002006 ms</span>
              </div> <!-- configuration-method after -->
              <div class="test-method">
                <span class="method-name">Previous_PRA_Test</span>
                <span class="method-start">1002010 ms</span>
              </div> <!-- test-method -->
              <div class="configuration-method after">
                <span class="method-name">fail_testcase([TestResult name=Previous_PRA_Test status=SUCCESS method=PRA_Home.Previous_PRA_Test()[pri:7, instanc...)</span>
                <span class="method-start">1350204 ms</span>
              </div> <!-- configuration-method after -->
              <div class="test-method">
                <span class="method-name">Regulated_Pest_Test</span>
                <span class="method-start">1350206 ms</span>
              </div> <!-- test-method -->
              <div class="configuration-method after">
                <span class="method-name">fail_testcase([TestResult name=Regulated_Pest_Test status=SUCCESS method=PRA_Home.Regulated_Pest_Test()[pri:8, ins...)</span>
                <span class="method-start">1779307 ms</span>
              </div> <!-- configuration-method after -->
              <div class="test-method">
                <span class="method-name">pathway_creation</span>
                <span class="method-start">1779311 ms</span>
              </div> <!-- test-method -->
              <div class="configuration-method after">
                <span class="method-name">fail_testcase([TestResult name=pathway_creation status=SUCCESS method=PRA_Home.pathway_creation()[pri:9, instance:...)</span>
                <span class="method-start">1889375 ms</span>
              </div> <!-- configuration-method after -->
              <div class="test-method">
                <img src="failed.png">
                </img>
                <span class="method-name">By_pest_initiation</span>
                <span class="method-start">1889380 ms</span>
              </div> <!-- test-method -->
              <div class="configuration-method after">
                <span class="method-name">fail_testcase([TestResult name=By_pest_initiation status=FAILURE method=PRA_Home.By_pest_initiation()[pri:15, inst...)</span>
                <span class="method-start">1892764 ms</span>
              </div> <!-- configuration-method after -->
              <div class="test-method">
                <img src="failed.png">
                </img>
                <span class="method-name">By_pest_cattegorization_tab</span>
                <span class="method-start">1893486 ms</span>
              </div> <!-- test-method -->
              <div class="configuration-method after">
                <span class="method-name">fail_testcase([TestResult name=By_pest_cattegorization_tab status=FAILURE method=PRA_Home.By_pest_cattegorization_...)</span>
                <span class="method-start">1893605 ms</span>
              </div> <!-- configuration-method after -->
              <div class="test-method">
                <img src="failed.png">
                </img>
                <span class="method-name">By_pest_Probabity_of_entry</span>
                <span class="method-start">1893966 ms</span>
              </div> <!-- test-method -->
              <div class="configuration-method after">
                <span class="method-name">fail_testcase([TestResult name=By_pest_Probabity_of_entry status=FAILURE method=PRA_Home.By_pest_Probabity_of_entr...)</span>
                <span class="method-start">1894108 ms</span>
              </div> <!-- configuration-method after -->
              <div class="test-method">
                <img src="failed.png">
                </img>
                <span class="method-name">Bypest_riskassessment</span>
                <span class="method-start">1894493 ms</span>
              </div> <!-- test-method -->
              <div class="configuration-method after">
                <span class="method-name">fail_testcase([TestResult name=Bypest_riskassessment status=FAILURE method=PRA_Home.Bypest_riskassessment()[pri:18...)</span>
                <span class="method-start">1894515 ms</span>
              </div> <!-- configuration-method after -->
              <div class="test-method">
                <img src="failed.png">
                </img>
                <span class="method-name">Bypest_risk_management</span>
                <span class="method-start">1894899 ms</span>
              </div> <!-- test-method -->
              <div class="configuration-method after">
                <span class="method-name">fail_testcase([TestResult name=Bypest_risk_management status=FAILURE method=PRA_Home.Bypest_risk_management()[pri:...)</span>
                <span class="method-start">1894919 ms</span>
              </div> <!-- configuration-method after -->
              <div class="test-method">
                <img src="failed.png">
                </img>
                <span class="method-name">Bypest_PRA_summary_screen</span>
                <span class="method-start">1895234 ms</span>
              </div> <!-- test-method -->
              <div class="configuration-method after">
                <span class="method-name">fail_testcase([TestResult name=Bypest_PRA_summary_screen status=FAILURE method=PRA_Home.Bypest_PRA_summary_screen(...)</span>
                <span class="method-start">1897403 ms</span>
              </div> <!-- configuration-method after -->
              <div class="test-method">
                <span class="method-name">Bypest_download_PRA_report</span>
                <span class="method-start">1897706 ms</span>
              </div> <!-- test-method -->
              <div class="configuration-method after">
                <span class="method-name">fail_testcase([TestResult name=Bypest_download_PRA_report status=SUCCESS method=PRA_Home.Bypest_download_PRA_repor...)</span>
                <span class="method-start">1951838 ms</span>
              </div> <!-- configuration-method after -->
              <div class="test-method">
                <span class="method-name">By_pest_delete_PRA</span>
                <span class="method-start">1951840 ms</span>
              </div> <!-- test-method -->
              <div class="configuration-method after">
                <span class="method-name">fail_testcase([TestResult name=By_pest_delete_PRA status=SUCCESS method=PRA_Home.By_pest_delete_PRA()[pri:22, inst...)</span>
                <span class="method-start">1962766 ms</span>
              </div> <!-- configuration-method after -->
              <div class="configuration-suite after">
                <span class="method-name">teardown_browerclosing</span>
                <span class="method-start">1962894 ms</span>
              </div> <!-- configuration-suite after -->
          </div> <!-- main-panel-content rounded-window-bottom -->
        </div> <!-- panel -->
      </div> <!-- main-panel-root -->
    </div> <!-- wrapper -->
  </body>
</html>
